[debug] [2023-08-31T17:46:09.463Z] ----------------------------------------------------------------------
[debug] [2023-08-31T17:46:09.465Z] Command:       C:\Program Files\nodejs\node.exe C:\Users\Waseem K\AppData\Roaming\npm\node_modules\firebase-tools\lib\bin\firebase.js init
[debug] [2023-08-31T17:46:09.466Z] CLI Version:   12.5.2
[debug] [2023-08-31T17:46:09.467Z] Platform:      win32
[debug] [2023-08-31T17:46:09.467Z] Node Version:  v18.12.1
[debug] [2023-08-31T17:46:09.468Z] Time:          Thu Aug 31 2023 23:16:09 GMT+0530 (India Standard Time)
[debug] [2023-08-31T17:46:09.468Z] ----------------------------------------------------------------------
[debug] 
[debug] [2023-08-31T17:46:09.576Z] > command requires scopes: ["email","openid","https://www.googleapis.com/auth/cloudplatformprojects.readonly","https://www.googleapis.com/auth/firebase","https://www.googleapis.com/auth/cloud-platform"]
[debug] [2023-08-31T17:46:09.577Z] > authorizing via signed-in user (waseemk0838@gmail.com)
[info] 
     ######## #### ########  ######## ########     ###     ######  ########
     ##        ##  ##     ## ##       ##     ##  ##   ##  ##       ##
     ######    ##  ########  ######   ########  #########  ######  ######
     ##        ##  ##    ##  ##       ##     ## ##     ##       ## ##
     ##       #### ##     ## ######## ########  ##     ##  ######  ########

You're about to initialize a Firebase project in this directory:

  C:\Users\Waseem K\Desktop\practice_react

Before we get started, keep in mind:

  * You are initializing within an existing Firebase project directory

[info] 
=== Project Setup
[info] 
[info] First, let's associate this project directory with a Firebase project.
[info] You can create multiple project aliases by running firebase use --add, 
[info] but for now we'll just set up a default project.
[info] 
[debug] [2023-08-31T17:46:17.790Z] Using project from CLI flag: akjaskjca
[debug] [2023-08-31T17:46:17.792Z] >>> [apiv2][query] GET https://firebase.googleapis.com/v1beta1/projects/akjaskjca [none]
[debug] [2023-08-31T17:46:18.607Z] <<< [apiv2][status] GET https://firebase.googleapis.com/v1beta1/projects/akjaskjca 200
[debug] [2023-08-31T17:46:18.607Z] <<< [apiv2][body] GET https://firebase.googleapis.com/v1beta1/projects/akjaskjca {"projectId":"akjaskjca","projectNumber":"66679880345","displayName":"AKJASKJCA","name":"projects/akjaskjca","resources":{"hostingSite":"akjaskjca"},"state":"ACTIVE","etag":"1_ec49190a-bd6a-4967-816e-5fc3d69f3338"}
[info] i  Using project akjaskjca (AKJASKJCA) 
[info] 
=== Hosting Setup
[info] 
[info] Your public directory is the folder (relative to your project directory) that
[info] will contain Hosting assets to be uploaded with firebase deploy. If you
[info] have a build process for your assets, use your build's output directory.
[info] 
